<?xml version="1.0" encoding="UTF-8"?>
<!-- Generated by org.testng.reporters.JUnitReportReporter -->
<testsuite hostname="Denizs-MBP-2.fios-router.home" failures="0" tests="1" name="scripts._02_TechGlobalTest" time="4.589" errors="0" timestamp="2022-05-22T17:00:49 EDT" skipped="0">
  <testcase classname="scripts._02_TechGlobalTest" name="testApplicationFormHeading" time="4.589"/>
  <system-out/>
</testsuite> <!-- scripts._02_TechGlobalTest -->
