<?xml version="1.0" encoding="UTF-8"?>
<!-- Generated by org.testng.reporters.JUnitReportReporter -->
<testsuite hostname="Denizs-MBP-2.fios-router.home" failures="0" tests="1" name="scripts._03_EtsyTest" time="5.485" errors="0" timestamp="2022-05-29T16:42:28 EDT" skipped="0">
  <testcase classname="scripts._03_EtsyTest" name="testMainHeader" time="5.485"/>
  <system-out/>
</testsuite> <!-- scripts._03_EtsyTest -->
