<?xml version="1.0" encoding="UTF-8"?>
<!-- Generated by org.testng.reporters.JUnitReportReporter -->
<testsuite hostname="Denizs-MBP-2.fios-router.home" failures="0" tests="2" name="scripts._03_EtsyTest" time="12.850" errors="0" timestamp="2022-05-22T13:07:35 EDT" skipped="0">
  <testcase classname="scripts._03_EtsyTest" name="testEtsyLogo" time="7.207"/>
  <system-out/>
  <testcase classname="scripts._03_EtsyTest" name="testEtsySearch" time="5.643"/>
  <system-out/>
</testsuite> <!-- scripts._03_EtsyTest -->
