<?xml version="1.0" encoding="UTF-8"?>
<!-- Generated by org.testng.reporters.JUnitReportReporter -->
<testsuite hostname="Denizs-MBP-2.fios-router.home" failures="0" tests="1" name="scripts._07_DropdownTest" time="9.005" errors="0" timestamp="2022-05-31T10:52:13 EDT" skipped="0">
  <testcase classname="scripts._07_DropdownTest" name="testEbayDropdown" time="9.005"/>
  <system-out/>
</testsuite> <!-- scripts._07_DropdownTest -->
