<?xml version="1.0" encoding="UTF-8"?>
<!-- Generated by org.testng.reporters.JUnitReportReporter -->
<testsuite hostname="Denizs-MBP-2.fios-router.home" failures="0" tests="2" name="scripts._09_IFrames" time="19.458" errors="0" timestamp="2022-06-11T15:42:01 EDT" skipped="0">
  <testcase classname="scripts._09_IFrames" name="testIFrame1" time="13.228"/>
  <system-out/>
  <testcase classname="scripts._09_IFrames" name="testIFrame2" time="6.230"/>
  <system-out/>
</testsuite> <!-- scripts._09_IFrames -->
