<?xml version="1.0" encoding="UTF-8"?>
<!-- Generated by org.testng.reporters.JUnitReportReporter -->
<testsuite hostname="Denizs-MBP-2.fios-router.home" failures="0" tests="3" name="scripts._01_AppleTest" time="9.994" errors="0" timestamp="2022-05-22T17:00:49 EDT" skipped="1">
  <testcase classname="scripts._01_AppleTest" name="testAppleTitle" time="5.400"/>
  <system-out/>
  <testcase classname="scripts._01_AppleTest" name="testAppleURL" time="4.594"/>
  <system-out/>
  <testcase classname="scripts._01_AppleTest" name="X">
    <skipped/>
  </testcase> <!-- X -->
  <system-out/>
</testsuite> <!-- scripts._01_AppleTest -->
