<?xml version="1.0" encoding="UTF-8"?>
<!-- Generated by org.testng.reporters.JUnitReportReporter -->
<testsuite hostname="Denizs-MBP-2.fios-router.home" failures="0" tests="7" name="scripts._12_Actions_Class" time="62.882" errors="0" timestamp="2022-06-11T15:42:01 EDT" skipped="0">
  <testcase classname="scripts._12_Actions_Class" name="moveToElementPractice1" time="8.995"/>
  <system-out/>
  <testcase classname="scripts._12_Actions_Class" name="moveToElementPractice2" time="11.283"/>
  <system-out/>
  <testcase classname="scripts._12_Actions_Class" name="clickOnElementPractice" time="6.796"/>
  <system-out/>
  <testcase classname="scripts._12_Actions_Class" name="rightClickPractice" time="6.703"/>
  <system-out/>
  <testcase classname="scripts._12_Actions_Class" name="clickHoldAndReleasePractice" time="11.727"/>
  <system-out/>
  <testcase classname="scripts._12_Actions_Class" name="sendKeysToAnElement" time="4.643"/>
  <system-out/>
  <testcase classname="scripts._12_Actions_Class" name="practiceKeyDownAndKeyUp" time="12.735"/>
  <system-out/>
</testsuite> <!-- scripts._12_Actions_Class -->
