<?xml version="1.0" encoding="UTF-8"?>
<!-- Generated by org.testng.reporters.JUnitReportReporter -->
<testsuite hostname="Denizs-MBP-2.fios-router.home" failures="0" tests="1" name="scripts._04_GoogleSearchTest" time="5.835" errors="0" timestamp="2022-05-29T16:42:28 EDT" skipped="0">
  <testcase classname="scripts._04_GoogleSearchTest" name="testGoogleStoreLink" time="5.835"/>
  <system-out/>
</testsuite> <!-- scripts._04_GoogleSearchTest -->
