<?xml version="1.0" encoding="UTF-8"?>
<!-- Generated by org.testng.reporters.JUnitReportReporter -->
<testsuite hostname="Denizs-MBP-2.fios-router.home" failures="0" tests="2" name="scripts._01_AppleTest" time="4.941" errors="0" timestamp="2022-06-11T15:42:01 EDT" skipped="1">
  <testcase classname="scripts._01_AppleTest" name="testAppleURL" time="4.941"/>
  <system-out/>
  <testcase classname="scripts._01_AppleTest" name="X">
    <skipped/>
  </testcase> <!-- X -->
  <system-out/>
</testsuite> <!-- scripts._01_AppleTest -->
